<?xml version="1.0" encoding="UTF-8"?>
<!-- Generated by org.testng.reporters.JUnitReportReporter -->
<testsuite hostname="Mathur" failures="0" tests="1" name="yandex_TestCases.yandex_SearchPage" time="15.106" errors="0" timestamp="03 Dec 2019 16:09:51 GMT" skipped="0">
  <testcase classname="yandex_TestCases.yandex_SearchPage" name="launch" time="15.106"/>
</testsuite> <!-- yandex_TestCases.yandex_SearchPage -->
